{"error":{"code":8000,"codeName":"AtlasError","connectionGeneration":0,"errorLabelSet":{},"errorResponse":{"code":8000,"codeName":"AtlasError","errmsg":"bad auth : authentication failed","ok":0},"ok":0},"level":"error","message":"Failed to start server","timestamp":"2025-08-21T05:15:18.967Z"}
{"error":{"code":8000,"codeName":"AtlasError","connectionGeneration":0,"errorLabelSet":{},"errorResponse":{"code":8000,"codeName":"AtlasError","errmsg":"bad auth : authentication failed","ok":0},"ok":0},"level":"error","message":"Failed to start server","timestamp":"2025-08-21T05:20:46.612Z"}
{"level":"info","message":"MongoDB connected","timestamp":"2025-08-21T05:23:26.648Z"}
{"level":"info","message":"Server running on port 4000","timestamp":"2025-08-21T05:23:26.663Z"}
{"level":"info","message":"MongoDB connected","timestamp":"2025-08-22T05:30:01.556Z"}
{"level":"info","message":"Server running on port 4000","timestamp":"2025-08-22T05:30:01.565Z"}
{"level":"info","message":"MongoDB connected","timestamp":"2025-08-22T05:30:57.943Z"}
{"level":"info","message":"Server running on port 4000","timestamp":"2025-08-22T05:30:57.949Z"}
{"level":"info","message":"MongoDB connected","timestamp":"2025-08-22T05:31:30.975Z"}
{"level":"info","message":"Server running on port 4000","timestamp":"2025-08-22T05:31:30.983Z"}
{"level":"info","message":"MongoDB connected","timestamp":"2025-08-22T05:43:00.878Z"}
{"level":"info","message":"Server running on port 4000","timestamp":"2025-08-22T05:43:00.884Z"}
{"level":"info","message":"MongoDB connected","timestamp":"2025-08-22T05:46:49.808Z"}
{"level":"info","message":"Server running on port 4000","timestamp":"2025-08-22T05:46:49.817Z"}
{"level":"info","message":"MongoDB connected","timestamp":"2025-08-22T05:48:13.514Z"}
{"level":"info","message":"Server running on port 4000","timestamp":"2025-08-22T05:48:13.522Z"}
{"level":"info","message":"MongoDB connected","timestamp":"2025-08-22T05:48:59.040Z"}
{"level":"info","message":"Server running on port 4000","timestamp":"2025-08-22T05:48:59.048Z"}
{"level":"info","message":"MongoDB connected","timestamp":"2025-08-22T05:49:02.837Z"}
{"level":"info","message":"Server running on port 4000","timestamp":"2025-08-22T05:49:02.847Z"}
{"level":"info","message":"MongoDB connected","timestamp":"2025-08-22T05:49:21.992Z"}
{"level":"info","message":"Server running on port 4000","timestamp":"2025-08-22T05:49:22.002Z"}
{"level":"info","message":"MongoDB connected","timestamp":"2025-08-22T05:49:26.637Z"}
{"level":"info","message":"Server running on port 4000","timestamp":"2025-08-22T05:49:26.644Z"}
{"level":"info","message":"MongoDB connected","timestamp":"2025-08-22T06:20:26.576Z"}
{"level":"info","message":"MongoDB connected","timestamp":"2025-08-22T06:20:26.585Z"}
{"level":"info","message":"Server running on port 4000","timestamp":"2025-08-22T06:20:26.590Z"}
{"level":"info","message":"MongoDB connected","timestamp":"2025-08-22T06:20:44.125Z"}
{"level":"info","message":"Server running on port 4000","timestamp":"2025-08-22T06:20:44.140Z"}
{"level":"info","message":"MongoDB connected","timestamp":"2025-08-22T06:20:44.306Z"}
{"level":"info","message":"MongoDB connected","timestamp":"2025-08-22T06:24:25.813Z"}
{"level":"info","message":"Server running on port 4000","timestamp":"2025-08-22T06:24:25.819Z"}
{"level":"info","message":"MongoDB connected","timestamp":"2025-08-22T06:24:25.993Z"}
{"level":"info","message":"MongoDB connected","timestamp":"2025-08-22T06:30:47.969Z"}
{"level":"info","message":"Server running on port 4000","timestamp":"2025-08-22T06:30:47.977Z"}
{"level":"info","message":"MongoDB connected","timestamp":"2025-08-22T06:30:48.097Z"}
{"level":"info","message":"MongoDB connected","timestamp":"2025-08-22T06:33:38.232Z"}
{"level":"info","message":"Server running on port 4000","timestamp":"2025-08-22T06:33:38.240Z"}
{"level":"info","message":"MongoDB connected","timestamp":"2025-08-22T06:33:38.436Z"}
{"details":{},"level":"error","message":"Request failed __dirname is not defined","method":"GET","stack":"AppError: __dirname is not defined\n    at errorHandler (file:///D:/mern/express-mongo-starter/src/middlewares/errorHandler.js:6:47)\n    at Layer.handle_error (D:\\mern\\express-mongo-starter\\node_modules\\express\\lib\\router\\layer.js:71:5)\n    at trim_prefix (D:\\mern\\express-mongo-starter\\node_modules\\express\\lib\\router\\index.js:326:13)\n    at D:\\mern\\express-mongo-starter\\node_modules\\express\\lib\\router\\index.js:286:9\n    at Function.process_params (D:\\mern\\express-mongo-starter\\node_modules\\express\\lib\\router\\index.js:346:12)\n    at next (D:\\mern\\express-mongo-starter\\node_modules\\express\\lib\\router\\index.js:280:10)\n    at Layer.handle_error (D:\\mern\\express-mongo-starter\\node_modules\\express\\lib\\router\\layer.js:67:12)\n    at trim_prefix (D:\\mern\\express-mongo-starter\\node_modules\\express\\lib\\router\\index.js:326:13)\n    at D:\\mern\\express-mongo-starter\\node_modules\\express\\lib\\router\\index.js:286:9\n    at Function.process_params (D:\\mern\\express-mongo-starter\\node_modules\\express\\lib\\router\\index.js:346:12)","statusCode":500,"timestamp":"2025-08-22T06:34:22.043Z","url":"/api/v1/logs"}
{"level":"info","message":"MongoDB connected","timestamp":"2025-08-22T06:36:13.837Z"}
{"level":"info","message":"Server running on port 4000","timestamp":"2025-08-22T06:36:13.849Z"}
{"level":"info","message":"MongoDB connected","timestamp":"2025-08-22T06:36:13.949Z"}
{"level":"info","message":"MongoDB connected","timestamp":"2025-08-22T06:36:24.500Z"}
{"level":"info","message":"Server running on port 4000","timestamp":"2025-08-22T06:36:24.518Z"}
{"level":"info","message":"MongoDB connected","timestamp":"2025-08-22T06:36:24.711Z"}
{"level":"info","message":"MongoDB connected","timestamp":"2025-08-22T07:15:33.195Z"}
{"level":"info","message":"MongoDB connected","timestamp":"2025-08-22T07:15:33.202Z"}
{"level":"info","message":"Server running on port 4000","timestamp":"2025-08-22T07:15:33.202Z"}
{"level":"info","message":"MongoDB connected","timestamp":"2025-08-22T07:16:11.828Z"}
{"level":"info","message":"Server running on port 4000","timestamp":"2025-08-22T07:16:11.836Z"}
{"level":"info","message":"MongoDB connected","timestamp":"2025-08-22T07:16:12.692Z"}
{"level":"info","message":"MongoDB connected","timestamp":"2025-08-22T11:43:35.744Z"}
{"level":"info","message":"Server running on port 4000","timestamp":"2025-08-22T11:43:35.750Z"}
{"level":"info","message":"MongoDB connected","timestamp":"2025-08-22T11:54:18.528Z"}
{"level":"info","message":"Server running on port 4000","timestamp":"2025-08-22T11:54:18.537Z"}
{"level":"info","message":"MongoDB connected","timestamp":"2025-08-22T11:54:34.100Z"}
{"level":"info","message":"Server running on port 4000","timestamp":"2025-08-22T11:54:34.109Z"}
{"level":"info","message":"MongoDB connected","timestamp":"2025-08-22T11:57:04.238Z"}
{"level":"info","message":"Server running on port 4000","timestamp":"2025-08-22T11:57:04.256Z"}
{"level":"info","message":"MongoDB connected","timestamp":"2025-08-22T12:06:30.654Z"}
{"level":"info","message":"Server running on port 4000","timestamp":"2025-08-22T12:06:30.673Z"}
{"level":"info","message":"MongoDB connected","timestamp":"2025-08-22T12:11:02.446Z"}
{"level":"info","message":"Server running on port 4000","timestamp":"2025-08-22T12:11:02.453Z"}
{"level":"info","message":"MongoDB connected","timestamp":"2025-08-22T12:17:54.688Z"}
{"level":"info","message":"Server running on port 4000","timestamp":"2025-08-22T12:17:54.701Z"}
{"level":"info","message":"MongoDB connected","timestamp":"2025-08-22T12:26:26.644Z"}
{"level":"info","message":"Server running on port 4000","timestamp":"2025-08-22T12:26:26.650Z"}
{"details":{},"level":"error","message":"Request failed JWT token missing","method":"GET","stack":"AppError: JWT token missing\n    at Unauthorized (file:///D:/mern/express-component/src/utils/AppError.js:14:69)\n    at auth (file:///D:/mern/express-component/src/middlewares/auth.js:8:27)\n    at Layer.handle [as handle_request] (D:\\mern\\express-component\\node_modules\\express\\lib\\router\\layer.js:95:5)\n    at next (D:\\mern\\express-component\\node_modules\\express\\lib\\router\\route.js:149:13)\n    at Route.dispatch (D:\\mern\\express-component\\node_modules\\express\\lib\\router\\route.js:119:3)\n    at Layer.handle [as handle_request] (D:\\mern\\express-component\\node_modules\\express\\lib\\router\\layer.js:95:5)\n    at D:\\mern\\express-component\\node_modules\\express\\lib\\router\\index.js:284:15\n    at Function.process_params (D:\\mern\\express-component\\node_modules\\express\\lib\\router\\index.js:346:12)\n    at next (D:\\mern\\express-component\\node_modules\\express\\lib\\router\\index.js:280:10)\n    at Function.handle (D:\\mern\\express-component\\node_modules\\express\\lib\\router\\index.js:175:3)","statusCode":401,"timestamp":"2025-08-22T12:30:49.830Z","url":"/api/v1/logs"}
{"level":"info","message":"MongoDB connected","timestamp":"2025-08-22T12:32:23.295Z"}
{"level":"info","message":"Server running on port 4000","timestamp":"2025-08-22T12:32:23.301Z"}
{"details":{"errors":[{"context":{"key":"name","label":"name"},"message":"\"name\" is required","path":["name"],"type":"any.required"}]},"level":"error","message":"Request failed Validation failed","method":"POST","stack":"AppError: Validation failed\n    at BadRequest (file:///D:/mern/express-component/src/utils/AppError.js:13:66)\n    at file:///D:/mern/express-component/src/controllers/auth.controller.js:8:20\n    at file:///D:/mern/express-component/src/middlewares/asyncHandler.js:2:19\n    at Layer.handle [as handle_request] (D:\\mern\\express-component\\node_modules\\express\\lib\\router\\layer.js:95:5)\n    at next (D:\\mern\\express-component\\node_modules\\express\\lib\\router\\route.js:149:13)\n    at Route.dispatch (D:\\mern\\express-component\\node_modules\\express\\lib\\router\\route.js:119:3)\n    at Layer.handle [as handle_request] (D:\\mern\\express-component\\node_modules\\express\\lib\\router\\layer.js:95:5)\n    at D:\\mern\\express-component\\node_modules\\express\\lib\\router\\index.js:284:15\n    at Function.process_params (D:\\mern\\express-component\\node_modules\\express\\lib\\router\\index.js:346:12)\n    at next (D:\\mern\\express-component\\node_modules\\express\\lib\\router\\index.js:280:10)","statusCode":400,"timestamp":"2025-08-23T06:31:32.797Z","url":"/api/v1/auth/signup"}
{"level":"info","message":"MongoDB connected","timestamp":"2025-08-23T06:33:08.395Z"}
{"level":"info","message":"Server running on port 4000","timestamp":"2025-08-23T06:33:08.427Z"}
{"details":{},"level":"error","message":"Request failed Unexpected socket close","method":"POST","stack":"AppError: Unexpected socket close\n    at errorHandler (file:///D:/mern/express-component/src/middlewares/errorHandler.js:6:47)\n    at Layer.handle_error (D:\\mern\\express-component\\node_modules\\express\\lib\\router\\layer.js:71:5)\n    at trim_prefix (D:\\mern\\express-component\\node_modules\\express\\lib\\router\\index.js:326:13)\n    at D:\\mern\\express-component\\node_modules\\express\\lib\\router\\index.js:286:9\n    at Function.process_params (D:\\mern\\express-component\\node_modules\\express\\lib\\router\\index.js:346:12)\n    at next (D:\\mern\\express-component\\node_modules\\express\\lib\\router\\index.js:280:10)\n    at Layer.handle_error (D:\\mern\\express-component\\node_modules\\express\\lib\\router\\layer.js:67:12)\n    at trim_prefix (D:\\mern\\express-component\\node_modules\\express\\lib\\router\\index.js:326:13)\n    at D:\\mern\\express-component\\node_modules\\express\\lib\\router\\index.js:286:9\n    at Function.process_params (D:\\mern\\express-component\\node_modules\\express\\lib\\router\\index.js:346:12)","statusCode":500,"timestamp":"2025-08-23T06:34:22.601Z","url":"/api/v1/auth/forgot"}
{"level":"info","message":"MongoDB connected","timestamp":"2025-08-23T06:36:31.047Z"}
{"level":"info","message":"Server running on port 4000","timestamp":"2025-08-23T06:36:31.055Z"}
{"level":"info","message":"MongoDB connected","timestamp":"2025-08-23T06:46:52.944Z"}
{"level":"info","message":"Server running on port 4000","timestamp":"2025-08-23T06:46:52.962Z"}
{"details":{},"level":"error","message":"Request failed Unexpected socket close","method":"POST","stack":"AppError: Unexpected socket close\n    at errorHandler (file:///D:/mern/express-component/src/middlewares/errorHandler.js:6:47)\n    at Layer.handle_error (D:\\mern\\express-component\\node_modules\\express\\lib\\router\\layer.js:71:5)\n    at trim_prefix (D:\\mern\\express-component\\node_modules\\express\\lib\\router\\index.js:326:13)\n    at D:\\mern\\express-component\\node_modules\\express\\lib\\router\\index.js:286:9\n    at Function.process_params (D:\\mern\\express-component\\node_modules\\express\\lib\\router\\index.js:346:12)\n    at next (D:\\mern\\express-component\\node_modules\\express\\lib\\router\\index.js:280:10)\n    at Layer.handle_error (D:\\mern\\express-component\\node_modules\\express\\lib\\router\\layer.js:67:12)\n    at trim_prefix (D:\\mern\\express-component\\node_modules\\express\\lib\\router\\index.js:326:13)\n    at D:\\mern\\express-component\\node_modules\\express\\lib\\router\\index.js:286:9\n    at Function.process_params (D:\\mern\\express-component\\node_modules\\express\\lib\\router\\index.js:346:12)","statusCode":500,"timestamp":"2025-08-23T06:54:11.398Z","url":"/api/v1/auth/forgot"}
{"level":"info","message":"MongoDB connected","timestamp":"2025-08-23T06:57:48.233Z"}
{"level":"info","message":"Server running on port 4000","timestamp":"2025-08-23T06:57:48.247Z"}
{"level":"info","message":"Email sent","messageId":"<ef31319c-43fa-39e5-7efd-839fbd1f77c9@localhost>","timestamp":"2025-08-23T06:57:58.712Z"}
{"level":"info","message":"MongoDB connected","timestamp":"2025-08-23T06:58:55.629Z"}
{"level":"info","message":"Server running on port 4000","timestamp":"2025-08-23T06:58:55.641Z"}
{"level":"info","message":"MongoDB connected","timestamp":"2025-08-23T07:00:42.873Z"}
{"level":"info","message":"Server running on port 4000","timestamp":"2025-08-23T07:00:42.882Z"}
{"details":{},"level":"error","message":"Request failed Invalid URL","method":"POST","stack":"AppError: Invalid URL\n    at errorHandler (file:///D:/mern/express-component/src/middlewares/errorHandler.js:6:47)\n    at Layer.handle_error (D:\\mern\\express-component\\node_modules\\express\\lib\\router\\layer.js:71:5)\n    at trim_prefix (D:\\mern\\express-component\\node_modules\\express\\lib\\router\\index.js:326:13)\n    at D:\\mern\\express-component\\node_modules\\express\\lib\\router\\index.js:286:9\n    at Function.process_params (D:\\mern\\express-component\\node_modules\\express\\lib\\router\\index.js:346:12)\n    at next (D:\\mern\\express-component\\node_modules\\express\\lib\\router\\index.js:280:10)\n    at Layer.handle_error (D:\\mern\\express-component\\node_modules\\express\\lib\\router\\layer.js:67:12)\n    at trim_prefix (D:\\mern\\express-component\\node_modules\\express\\lib\\router\\index.js:326:13)\n    at D:\\mern\\express-component\\node_modules\\express\\lib\\router\\index.js:286:9\n    at Function.process_params (D:\\mern\\express-component\\node_modules\\express\\lib\\router\\index.js:346:12)","statusCode":500,"timestamp":"2025-08-23T07:00:58.763Z","url":"/api/v1/auth/forgot"}
{"level":"info","message":"MongoDB connected","timestamp":"2025-08-23T07:01:24.031Z"}
{"level":"info","message":"Server running on port 4000","timestamp":"2025-08-23T07:01:24.039Z"}
{"details":{},"level":"error","message":"Request failed Invalid URL","method":"POST","stack":"AppError: Invalid URL\n    at errorHandler (file:///D:/mern/express-component/src/middlewares/errorHandler.js:6:47)\n    at Layer.handle_error (D:\\mern\\express-component\\node_modules\\express\\lib\\router\\layer.js:71:5)\n    at trim_prefix (D:\\mern\\express-component\\node_modules\\express\\lib\\router\\index.js:326:13)\n    at D:\\mern\\express-component\\node_modules\\express\\lib\\router\\index.js:286:9\n    at Function.process_params (D:\\mern\\express-component\\node_modules\\express\\lib\\router\\index.js:346:12)\n    at next (D:\\mern\\express-component\\node_modules\\express\\lib\\router\\index.js:280:10)\n    at Layer.handle_error (D:\\mern\\express-component\\node_modules\\express\\lib\\router\\layer.js:67:12)\n    at trim_prefix (D:\\mern\\express-component\\node_modules\\express\\lib\\router\\index.js:326:13)\n    at D:\\mern\\express-component\\node_modules\\express\\lib\\router\\index.js:286:9\n    at Function.process_params (D:\\mern\\express-component\\node_modules\\express\\lib\\router\\index.js:346:12)","statusCode":500,"timestamp":"2025-08-23T07:01:29.127Z","url":"/api/v1/auth/forgot"}
{"level":"info","message":"MongoDB connected","timestamp":"2025-08-23T07:02:23.555Z"}
{"level":"info","message":"Server running on port 4000","timestamp":"2025-08-23T07:02:23.562Z"}
{"details":{},"level":"error","message":"Request failed Invalid URL","method":"POST","stack":"AppError: Invalid URL\n    at errorHandler (file:///D:/mern/express-component/src/middlewares/errorHandler.js:6:47)\n    at Layer.handle_error (D:\\mern\\express-component\\node_modules\\express\\lib\\router\\layer.js:71:5)\n    at trim_prefix (D:\\mern\\express-component\\node_modules\\express\\lib\\router\\index.js:326:13)\n    at D:\\mern\\express-component\\node_modules\\express\\lib\\router\\index.js:286:9\n    at Function.process_params (D:\\mern\\express-component\\node_modules\\express\\lib\\router\\index.js:346:12)\n    at next (D:\\mern\\express-component\\node_modules\\express\\lib\\router\\index.js:280:10)\n    at Layer.handle_error (D:\\mern\\express-component\\node_modules\\express\\lib\\router\\layer.js:67:12)\n    at trim_prefix (D:\\mern\\express-component\\node_modules\\express\\lib\\router\\index.js:326:13)\n    at D:\\mern\\express-component\\node_modules\\express\\lib\\router\\index.js:286:9\n    at Function.process_params (D:\\mern\\express-component\\node_modules\\express\\lib\\router\\index.js:346:12)","statusCode":500,"timestamp":"2025-08-23T07:02:45.194Z","url":"/api/v1/auth/forgot"}
{"level":"info","message":"MongoDB connected","timestamp":"2025-08-23T07:03:51.156Z"}
{"level":"info","message":"Server running on port 4000","timestamp":"2025-08-23T07:03:51.163Z"}
{"level":"info","message":"MongoDB connected","timestamp":"2025-08-23T07:04:19.021Z"}
{"level":"info","message":"Server running on port 4000","timestamp":"2025-08-23T07:04:19.028Z"}
{"level":"info","message":"MongoDB connected","timestamp":"2025-08-23T07:05:23.903Z"}
{"level":"info","message":"Server running on port 4000","timestamp":"2025-08-23T07:05:23.910Z"}
{"level":"info","message":"Email sent","messageId":"<c9d4456a-7647-75af-a88a-53649a507dcf@localhost>","timestamp":"2025-08-23T07:05:35.155Z"}
{"details":{},"level":"error","message":"Request failed Expected ',' or '}' after property value in JSON at position 51 (line 3 column 3)","method":"POST","stack":"AppError: Expected ',' or '}' after property value in JSON at position 51 (line 3 column 3)\n    at errorHandler (file:///D:/mern/express-component/src/middlewares/errorHandler.js:6:47)\n    at Layer.handle_error (D:\\mern\\express-component\\node_modules\\express\\lib\\router\\layer.js:71:5)\n    at trim_prefix (D:\\mern\\express-component\\node_modules\\express\\lib\\router\\index.js:326:13)\n    at D:\\mern\\express-component\\node_modules\\express\\lib\\router\\index.js:286:9\n    at Function.process_params (D:\\mern\\express-component\\node_modules\\express\\lib\\router\\index.js:346:12)\n    at next (D:\\mern\\express-component\\node_modules\\express\\lib\\router\\index.js:280:10)\n    at Layer.handle_error (D:\\mern\\express-component\\node_modules\\express\\lib\\router\\layer.js:67:12)\n    at trim_prefix (D:\\mern\\express-component\\node_modules\\express\\lib\\router\\index.js:326:13)\n    at D:\\mern\\express-component\\node_modules\\express\\lib\\router\\index.js:286:9\n    at Function.process_params (D:\\mern\\express-component\\node_modules\\express\\lib\\router\\index.js:346:12)","statusCode":400,"timestamp":"2025-08-23T07:08:32.580Z","url":"/api/v1/auth/login"}
{"level":"info","message":"MongoDB connected","timestamp":"2025-08-25T05:32:45.483Z"}
{"level":"info","message":"Server running on port 4000","timestamp":"2025-08-25T05:32:45.508Z"}
{"error":{"cause":{"commonWireVersion":0,"compatible":true,"heartbeatFrequencyMS":10000,"localThresholdMS":15,"logicalSessionTimeoutMinutes":null,"maxElectionId":null,"maxSetVersion":null,"servers":{"localhost:27017":{"$clusterTime":null,"address":"localhost:27017","arbiters":[],"electionId":null,"error":{"beforeHandshake":false,"errorLabelSet":{}},"hosts":[],"iscryptd":false,"lastUpdateTime":675096936,"lastWriteDate":0,"logicalSessionTimeoutMinutes":null,"maxBsonObjectSize":null,"maxMessageSizeBytes":null,"maxWireVersion":0,"maxWriteBatchSize":null,"me":null,"minRoundTripTime":0,"minWireVersion":0,"passives":[],"primary":null,"roundTripTime":-1,"setName":null,"setVersion":null,"tags":{},"topologyVersion":null,"type":"Unknown"}},"setName":null,"stale":false,"type":"Unknown"},"errorLabelSet":{},"message":"connect ECONNREFUSED ::1:27017, connect ECONNREFUSED 127.0.0.1:27017","reason":{"commonWireVersion":0,"compatible":true,"heartbeatFrequencyMS":10000,"localThresholdMS":15,"logicalSessionTimeoutMinutes":null,"maxElectionId":null,"maxSetVersion":null,"servers":{"localhost:27017":{"$clusterTime":null,"address":"localhost:27017","arbiters":[],"electionId":null,"error":{"beforeHandshake":false,"errorLabelSet":{}},"hosts":[],"iscryptd":false,"lastUpdateTime":675096936,"lastWriteDate":0,"logicalSessionTimeoutMinutes":null,"maxBsonObjectSize":null,"maxMessageSizeBytes":null,"maxWireVersion":0,"maxWriteBatchSize":null,"me":null,"minRoundTripTime":0,"minWireVersion":0,"passives":[],"primary":null,"roundTripTime":-1,"setName":null,"setVersion":null,"tags":{},"topologyVersion":null,"type":"Unknown"}},"setName":null,"stale":false,"type":"Unknown"}},"level":"error","message":"Failed to start server","timestamp":"2025-08-26T07:18:04.676Z"}
{"level":"info","message":"MongoDB connected","timestamp":"2025-08-26T07:18:22.699Z"}
{"level":"info","message":"Server running on port 4000","timestamp":"2025-08-26T07:18:22.714Z"}
{"level":"info","message":"MongoDB connected","timestamp":"2025-08-26T07:18:39.984Z"}
{"level":"info","message":"Server running on port 4000","timestamp":"2025-08-26T07:18:39.994Z"}
{"level":"info","message":"MongoDB connected","timestamp":"2025-08-26T07:20:52.190Z"}
{"level":"info","message":"Server running on port 4000","timestamp":"2025-08-26T07:20:52.202Z"}
{"level":"info","message":"MongoDB connected","timestamp":"2025-08-26T07:20:57.309Z"}
{"level":"info","message":"Server running on port 4000","timestamp":"2025-08-26T07:20:57.321Z"}
{"level":"info","message":"MongoDB connected","timestamp":"2025-08-26T07:24:07.374Z"}
{"level":"info","message":"Server running on port 4000","timestamp":"2025-08-26T07:24:07.381Z"}
{"level":"info","message":"MongoDB connected","timestamp":"2025-08-26T07:24:09.757Z"}
{"level":"info","message":"Server running on port 4000","timestamp":"2025-08-26T07:24:09.769Z"}
{"level":"info","message":"MongoDB connected","timestamp":"2025-08-26T07:33:42.288Z"}
{"level":"info","message":"Server running on port 4000","timestamp":"2025-08-26T07:33:42.302Z"}
{"level":"info","message":"MongoDB connected","timestamp":"2025-08-26T07:33:51.963Z"}
{"level":"info","message":"Server running on port 4000","timestamp":"2025-08-26T07:33:51.977Z"}
{"level":"info","message":"MongoDB connected","timestamp":"2025-08-26T07:37:46.604Z"}
{"level":"info","message":"Server running on port 4000","timestamp":"2025-08-26T07:37:46.613Z"}
{"level":"info","message":"MongoDB connected","timestamp":"2025-08-26T07:38:03.328Z"}
{"level":"info","message":"Server running on port 4000","timestamp":"2025-08-26T07:38:03.334Z"}
{"level":"info","message":"MongoDB connected","timestamp":"2025-08-26T07:38:20.341Z"}
{"level":"info","message":"Server running on port 4000","timestamp":"2025-08-26T07:38:20.355Z"}
{"level":"info","message":"MongoDB connected","timestamp":"2025-08-26T07:38:47.212Z"}
{"level":"info","message":"Server running on port 4000","timestamp":"2025-08-26T07:38:47.219Z"}
{"level":"info","message":"MongoDB connected","timestamp":"2025-08-26T07:38:52.600Z"}
{"level":"info","message":"Server running on port 4000","timestamp":"2025-08-26T07:38:52.606Z"}
{"level":"info","message":"MongoDB connected","timestamp":"2025-08-26T07:50:52.054Z"}
{"level":"info","message":"Server running on port 4000","timestamp":"2025-08-26T07:50:52.067Z"}
{"level":"info","message":"MongoDB connected","timestamp":"2025-08-26T07:51:04.166Z"}
{"level":"info","message":"Server running on port 4000","timestamp":"2025-08-26T07:51:04.181Z"}
{"level":"info","message":"MongoDB connected","timestamp":"2025-08-26T07:55:38.085Z"}
{"level":"info","message":"Server running on port 4000","timestamp":"2025-08-26T07:55:38.099Z"}
{"level":"info","message":"MongoDB connected","timestamp":"2025-08-26T07:55:54.347Z"}
{"level":"info","message":"Server running on port 4000","timestamp":"2025-08-26T07:55:54.356Z"}
{"level":"info","message":"MongoDB connected","timestamp":"2025-08-26T07:57:38.550Z"}
{"level":"info","message":"Server running on port 4000","timestamp":"2025-08-26T07:57:38.556Z"}
{"level":"info","message":"MongoDB connected","timestamp":"2025-08-26T07:58:13.199Z"}
{"level":"info","message":"Server running on port 4000","timestamp":"2025-08-26T07:58:13.206Z"}
{"level":"info","message":"MongoDB connected","timestamp":"2025-08-26T09:24:51.479Z"}
{"level":"info","message":"Server running on port 4000","timestamp":"2025-08-26T09:24:51.509Z"}
{"level":"info","message":"MongoDB connected","timestamp":"2025-08-26T09:37:39.184Z"}
{"level":"info","message":"Server running on port 4000","timestamp":"2025-08-26T09:37:39.197Z"}
{"level":"info","message":"MongoDB connected","timestamp":"2025-08-26T09:37:58.439Z"}
{"level":"info","message":"Server running on port 4000","timestamp":"2025-08-26T09:37:58.469Z"}
{"level":"info","message":"MongoDB connected","timestamp":"2025-08-26T09:53:32.616Z"}
{"level":"info","message":"Server running on port 4000","timestamp":"2025-08-26T09:53:32.631Z"}
{"level":"info","message":"MongoDB connected","timestamp":"2025-08-26T09:53:36.143Z"}
{"level":"info","message":"Server running on port 4000","timestamp":"2025-08-26T09:53:36.173Z"}
{"level":"info","message":"MongoDB connected","timestamp":"2025-08-26T09:56:03.896Z"}
{"level":"info","message":"Server running on port 4000","timestamp":"2025-08-26T09:56:03.913Z"}
{"level":"info","message":"MongoDB connected","timestamp":"2025-08-26T09:57:49.741Z"}
{"level":"info","message":"Server running on port 4000","timestamp":"2025-08-26T09:57:49.753Z"}
{"level":"info","message":"MongoDB connected","timestamp":"2025-08-26T09:57:56.823Z"}
{"level":"info","message":"Server running on port 4000","timestamp":"2025-08-26T09:57:56.847Z"}
{"level":"info","message":"MongoDB connected","timestamp":"2025-08-26T09:58:14.560Z"}
{"level":"info","message":"Server running on port 4000","timestamp":"2025-08-26T09:58:14.572Z"}
{"level":"info","message":"MongoDB connected","timestamp":"2025-08-26T09:58:25.832Z"}
{"level":"info","message":"Server running on port 4000","timestamp":"2025-08-26T09:58:25.855Z"}
{"level":"info","message":"MongoDB connected","timestamp":"2025-08-26T09:58:41.037Z"}
{"level":"info","message":"Server running on port 4000","timestamp":"2025-08-26T09:58:41.045Z"}
{"level":"info","message":"MongoDB connected","timestamp":"2025-08-26T09:58:44.203Z"}
{"level":"info","message":"Server running on port 4000","timestamp":"2025-08-26T09:58:44.227Z"}
{"level":"info","message":"MongoDB connected","timestamp":"2025-08-26T09:59:03.917Z"}
{"level":"info","message":"Server running on port 4000","timestamp":"2025-08-26T09:59:03.945Z"}
{"level":"info","message":"MongoDB connected","timestamp":"2025-08-26T09:59:09.290Z"}
{"level":"info","message":"Server running on port 4000","timestamp":"2025-08-26T09:59:09.304Z"}
{"level":"info","message":"MongoDB connected","timestamp":"2025-08-26T09:59:49.558Z"}
{"level":"info","message":"Server running on port 4000","timestamp":"2025-08-26T09:59:49.586Z"}
{"level":"info","message":"MongoDB connected","timestamp":"2025-08-26T09:59:53.490Z"}
{"level":"info","message":"Server running on port 4000","timestamp":"2025-08-26T09:59:53.517Z"}
{"level":"info","message":"MongoDB connected","timestamp":"2025-08-26T10:00:21.030Z"}
{"level":"info","message":"Server running on port 4000","timestamp":"2025-08-26T10:00:21.048Z"}
{"level":"info","message":"MongoDB connected","timestamp":"2025-08-26T10:18:45.136Z"}
{"level":"info","message":"Server running on port 4000","timestamp":"2025-08-26T10:18:45.144Z"}
{"level":"info","message":"MongoDB connected","timestamp":"2025-08-26T10:33:02.910Z"}
{"level":"info","message":"Server running on port 4000","timestamp":"2025-08-26T10:33:02.926Z"}
{"level":"info","message":"MongoDB connected","timestamp":"2025-08-26T10:33:36.877Z"}
{"level":"info","message":"Server running on port 4000","timestamp":"2025-08-26T10:33:36.907Z"}
{"level":"info","message":"MongoDB connected","timestamp":"2025-08-26T10:42:18.633Z"}
{"level":"info","message":"Server running on port 4000","timestamp":"2025-08-26T10:42:18.642Z"}
{"level":"info","message":"MongoDB connected","timestamp":"2025-08-26T10:45:29.526Z"}
{"level":"info","message":"Server running on port 4000","timestamp":"2025-08-26T10:45:29.534Z"}
{"level":"info","message":"MongoDB connected","timestamp":"2025-08-26T10:47:22.905Z"}
{"level":"info","message":"Server running on port 4000","timestamp":"2025-08-26T10:47:22.913Z"}
{"level":"info","message":"MongoDB connected","timestamp":"2025-08-26T10:53:18.359Z"}
{"level":"info","message":"Server running on port 4000","timestamp":"2025-08-26T10:53:18.370Z"}
{"level":"info","message":"MongoDB connected","timestamp":"2025-08-26T11:02:05.766Z"}
{"level":"info","message":"Server running on port 4000","timestamp":"2025-08-26T11:02:05.779Z"}
{"level":"info","message":"MongoDB connected","timestamp":"2025-08-26T11:13:35.768Z"}
{"level":"info","message":"Server running on port 4000","timestamp":"2025-08-26T11:13:35.783Z"}
{"level":"info","message":"MongoDB connected","timestamp":"2025-08-26T11:13:39.986Z"}
{"level":"info","message":"Server running on port 4000","timestamp":"2025-08-26T11:13:39.997Z"}
{"level":"info","message":"MongoDB connected","timestamp":"2025-08-26T11:14:45.877Z"}
{"level":"info","message":"Server running on port 4000","timestamp":"2025-08-26T11:14:45.889Z"}
{"level":"info","message":"MongoDB connected","timestamp":"2025-08-26T11:17:17.900Z"}
{"level":"info","message":"Server running on port 4000","timestamp":"2025-08-26T11:17:17.907Z"}
{"level":"info","message":"MongoDB connected","timestamp":"2025-08-26T11:17:55.558Z"}
{"level":"info","message":"Server running on port 4000","timestamp":"2025-08-26T11:17:55.565Z"}
{"level":"info","message":"MongoDB connected","timestamp":"2025-08-26T11:18:48.298Z"}
{"level":"info","message":"Server running on port 4000","timestamp":"2025-08-26T11:18:48.308Z"}
{"level":"info","message":"MongoDB connected","timestamp":"2025-08-26T11:19:45.635Z"}
{"level":"info","message":"Server running on port 4000","timestamp":"2025-08-26T11:19:45.652Z"}
{"level":"info","message":"MongoDB connected","timestamp":"2025-08-26T11:34:18.532Z"}
{"level":"info","message":"Server running on port 4000","timestamp":"2025-08-26T11:34:18.544Z"}
{"level":"info","message":"MongoDB connected","timestamp":"2025-08-26T11:34:52.309Z"}
{"level":"info","message":"Server running on port 4000","timestamp":"2025-08-26T11:34:52.316Z"}
{"level":"info","message":"MongoDB connected","timestamp":"2025-08-26T11:35:18.034Z"}
{"level":"info","message":"Server running on port 4000","timestamp":"2025-08-26T11:35:18.041Z"}
{"level":"info","message":"MongoDB connected","timestamp":"2025-08-26T11:35:27.925Z"}
{"level":"info","message":"Server running on port 4000","timestamp":"2025-08-26T11:35:27.934Z"}
